{"/Users/i.gorskiy/Desktop/projects/example-todo/frontend/src/store.ts": {"path":"/Users/i.gorskiy/Desktop/projects/example-todo/frontend/src/store.ts","statementMap":{"0":{"start":{"line":1,"column":0},"end":{"line":1,"column":50}},"1":{"start":{"line":2,"column":0},"end":{"line":2,"column":41}},"2":{"start":{"line":3,"column":0},"end":{"line":3,"column":55}},"3":{"start":{"line":11,"column":14},"end":{"line":15,"column":2}},"4":{"start":{"line":17,"column":13},"end":{"line":17,"column":null}},"5":{"start":{"line":18,"column":13},"end":{"line":18,"column":65}},"6":{"start":{"line":20,"column":0},"end":{"line":20,"column":21}}},"fnMap":{},"branchMap":{},"s":{"0":1,"1":1,"2":1,"3":1,"4":1,"5":1,"6":1},"f":{},"b":{}}
,"/Users/i.gorskiy/Desktop/projects/example-todo/frontend/src/features/TodoAddTask.tsx": {"path":"/Users/i.gorskiy/Desktop/projects/example-todo/frontend/src/features/TodoAddTask.tsx","statementMap":{"0":{"start":{"line":1,"column":0},"end":{"line":1,"column":51}},"1":{"start":{"line":2,"column":0},"end":{"line":2,"column":42}},"2":{"start":{"line":3,"column":0},"end":{"line":3,"column":47}},"3":{"start":{"line":5,"column":27},"end":{"line":25,"column":1}},"4":{"start":{"line":6,"column":19},"end":{"line":6,"column":35}},"5":{"start":{"line":7,"column":26},"end":{"line":7,"column":38}},"6":{"start":{"line":8,"column":58},"end":{"line":11,"column":3}},"7":{"start":{"line":9,"column":4},"end":{"line":9,"column":23}},"8":{"start":{"line":10,"column":4},"end":{"line":10,"column":33}},"9":{"start":{"line":12,"column":23},"end":{"line":14,"column":3}},"10":{"start":{"line":13,"column":4},"end":{"line":13,"column":28}},"11":{"start":{"line":16,"column":2},"end":{"line":24,"column":4}},"12":{"start":{"line":5,"column":13},"end":{"line":5,"column":27}}},"fnMap":{"0":{"name":"(anonymous_0)","decl":{"start":{"line":5,"column":27},"end":{"line":5,"column":30}},"loc":{"start":{"line":5,"column":32},"end":{"line":25,"column":1}}},"1":{"name":"(anonymous_1)","decl":{"start":{"line":8,"column":58},"end":{"line":8,"column":59}},"loc":{"start":{"line":8,"column":64},"end":{"line":11,"column":3}}},"2":{"name":"(anonymous_2)","decl":{"start":{"line":12,"column":23},"end":{"line":12,"column":24}},"loc":{"start":{"line":12,"column":66},"end":{"line":14,"column":3}}}},"branchMap":{},"s":{"0":1,"1":1,"2":1,"3":1,"4":4,"5":4,"6":4,"7":1,"8":1,"9":4,"10":1,"11":4,"12":1},"f":{"0":4,"1":1,"2":1},"b":{}}
,"/Users/i.gorskiy/Desktop/projects/example-todo/frontend/src/models/todos.ts": {"path":"/Users/i.gorskiy/Desktop/projects/example-todo/frontend/src/models/todos.ts","statementMap":{"0":{"start":{"line":1,"column":0},"end":{"line":1,"column":65}},"1":{"start":{"line":18,"column":33},"end":{"line":22,"column":2}},"2":{"start":{"line":24,"column":13},"end":{"line":32,"column":3}},"3":{"start":{"line":25,"column":19},"end":{"line":25,"column":85}},"4":{"start":{"line":26,"column":2},"end":{"line":28,"column":3}},"5":{"start":{"line":27,"column":4},"end":{"line":27,"column":45}},"6":{"start":{"line":29,"column":15},"end":{"line":29,"column":36}},"7":{"start":{"line":30,"column":2},"end":{"line":30,"column":38}},"8":{"start":{"line":31,"column":2},"end":{"line":31,"column":14}},"9":{"start":{"line":34,"column":13},"end":{"line":50,"column":3}},"10":{"start":{"line":35,"column":19},"end":{"line":44,"column":4}},"11":{"start":{"line":45,"column":2},"end":{"line":47,"column":3}},"12":{"start":{"line":46,"column":4},"end":{"line":46,"column":42}},"13":{"start":{"line":48,"column":15},"end":{"line":48,"column":36}},"14":{"start":{"line":49,"column":2},"end":{"line":49,"column":14}},"15":{"start":{"line":52,"column":13},"end":{"line":68,"column":3}},"16":{"start":{"line":53,"column":19},"end":{"line":62,"column":4}},"17":{"start":{"line":63,"column":2},"end":{"line":65,"column":3}},"18":{"start":{"line":64,"column":4},"end":{"line":64,"column":45}},"19":{"start":{"line":66,"column":15},"end":{"line":66,"column":36}},"20":{"start":{"line":67,"column":2},"end":{"line":67,"column":14}},"21":{"start":{"line":70,"column":13},"end":{"line":78,"column":3}},"22":{"start":{"line":71,"column":19},"end":{"line":73,"column":4}},"23":{"start":{"line":74,"column":2},"end":{"line":76,"column":3}},"24":{"start":{"line":75,"column":4},"end":{"line":75,"column":45}},"25":{"start":{"line":77,"column":2},"end":{"line":77,"column":12}},"26":{"start":{"line":80,"column":18},"end":{"line":122,"column":2}},"27":{"start":{"line":85,"column":4},"end":{"line":120,"column":9}},"28":{"start":{"line":87,"column":8},"end":{"line":87,"column":33}},"29":{"start":{"line":90,"column":8},"end":{"line":90,"column":35}},"30":{"start":{"line":91,"column":8},"end":{"line":95,"column":12}},"31":{"start":{"line":91,"column":52},"end":{"line":95,"column":10}},"32":{"start":{"line":98,"column":8},"end":{"line":98,"column":32}},"33":{"start":{"line":99,"column":8},"end":{"line":99,"column":70}},"34":{"start":{"line":102,"column":8},"end":{"line":102,"column":33}},"35":{"start":{"line":105,"column":8},"end":{"line":105,"column":35}},"36":{"start":{"line":106,"column":8},"end":{"line":110,"column":11}},"37":{"start":{"line":113,"column":21},"end":{"line":113,"column":78}},"38":{"start":{"line":113,"column":48},"end":{"line":113,"column":77}},"39":{"start":{"line":114,"column":8},"end":{"line":116,"column":9}},"40":{"start":{"line":115,"column":10},"end":{"line":115,"column":52}},"41":{"start":{"line":119,"column":8},"end":{"line":119,"column":79}},"42":{"start":{"line":119,"column":51},"end":{"line":119,"column":77}},"43":{"start":{"line":124,"column":0},"end":{"line":124,"column":33}}},"fnMap":{"0":{"name":"(anonymous_0)","decl":{"start":{"line":24,"column":71},"end":{"line":24,"column":76}},"loc":{"start":{"line":24,"column":82},"end":{"line":32,"column":1}}},"1":{"name":"(anonymous_1)","decl":{"start":{"line":34,"column":67},"end":{"line":34,"column":72}},"loc":{"start":{"line":34,"column":90},"end":{"line":50,"column":1}}},"2":{"name":"(anonymous_2)","decl":{"start":{"line":52,"column":85},"end":{"line":52,"column":90}},"loc":{"start":{"line":52,"column":100},"end":{"line":68,"column":1}}},"3":{"name":"(anonymous_3)","decl":{"start":{"line":70,"column":93},"end":{"line":70,"column":98}},"loc":{"start":{"line":70,"column":114},"end":{"line":78,"column":1}}},"4":{"name":"(anonymous_4)","decl":{"start":{"line":84,"column":17},"end":{"line":84,"column":18}},"loc":{"start":{"line":84,"column":29},"end":{"line":121,"column":3}}},"5":{"name":"(anonymous_5)","decl":{"start":{"line":86,"column":35},"end":{"line":86,"column":36}},"loc":{"start":{"line":86,"column":45},"end":{"line":88,"column":7}}},"6":{"name":"(anonymous_6)","decl":{"start":{"line":89,"column":37},"end":{"line":89,"column":38}},"loc":{"start":{"line":89,"column":55},"end":{"line":96,"column":7}}},"7":{"name":"(anonymous_7)","decl":{"start":{"line":91,"column":41},"end":{"line":91,"column":42}},"loc":{"start":{"line":91,"column":52},"end":{"line":95,"column":10}}},"8":{"name":"(anonymous_8)","decl":{"start":{"line":97,"column":36},"end":{"line":97,"column":37}},"loc":{"start":{"line":97,"column":54},"end":{"line":100,"column":7}}},"9":{"name":"(anonymous_9)","decl":{"start":{"line":101,"column":37},"end":{"line":101,"column":38}},"loc":{"start":{"line":101,"column":47},"end":{"line":103,"column":7}}},"10":{"name":"(anonymous_10)","decl":{"start":{"line":104,"column":39},"end":{"line":104,"column":40}},"loc":{"start":{"line":104,"column":57},"end":{"line":111,"column":7}}},"11":{"name":"(anonymous_11)","decl":{"start":{"line":112,"column":42},"end":{"line":112,"column":43}},"loc":{"start":{"line":112,"column":60},"end":{"line":117,"column":7}}},"12":{"name":"(anonymous_12)","decl":{"start":{"line":113,"column":38},"end":{"line":113,"column":39}},"loc":{"start":{"line":113,"column":48},"end":{"line":113,"column":77}}},"13":{"name":"(anonymous_13)","decl":{"start":{"line":118,"column":42},"end":{"line":118,"column":43}},"loc":{"start":{"line":118,"column":60},"end":{"line":120,"column":7}}},"14":{"name":"(anonymous_14)","decl":{"start":{"line":119,"column":41},"end":{"line":119,"column":42}},"loc":{"start":{"line":119,"column":51},"end":{"line":119,"column":77}}}},"branchMap":{"0":{"loc":{"start":{"line":26,"column":2},"end":{"line":28,"column":3}},"type":"if","locations":[{"start":{"line":26,"column":2},"end":{"line":28,"column":3}}]},"1":{"loc":{"start":{"line":45,"column":2},"end":{"line":47,"column":3}},"type":"if","locations":[{"start":{"line":45,"column":2},"end":{"line":47,"column":3}}]},"2":{"loc":{"start":{"line":63,"column":2},"end":{"line":65,"column":3}},"type":"if","locations":[{"start":{"line":63,"column":2},"end":{"line":65,"column":3}}]},"3":{"loc":{"start":{"line":74,"column":2},"end":{"line":76,"column":3}},"type":"if","locations":[{"start":{"line":74,"column":2},"end":{"line":76,"column":3}}]},"4":{"loc":{"start":{"line":99,"column":22},"end":{"line":99,"column":69}},"type":"binary-expr","locations":[{"start":{"line":99,"column":22},"end":{"line":99,"column":42}},{"start":{"line":99,"column":46},"end":{"line":99,"column":69}}]},"5":{"loc":{"start":{"line":114,"column":8},"end":{"line":116,"column":9}},"type":"if","locations":[{"start":{"line":114,"column":8},"end":{"line":116,"column":9}}]}},"s":{"0":1,"1":1,"2":1,"3":0,"4":0,"5":0,"6":0,"7":0,"8":0,"9":1,"10":1,"11":1,"12":0,"13":0,"14":0,"15":1,"16":0,"17":0,"18":0,"19":0,"20":0,"21":1,"22":0,"23":0,"24":0,"25":0,"26":1,"27":1,"28":0,"29":0,"30":0,"31":0,"32":0,"33":0,"34":1,"35":0,"36":0,"37":0,"38":0,"39":0,"40":0,"41":0,"42":0,"43":1},"f":{"0":0,"1":1,"2":0,"3":0,"4":1,"5":0,"6":0,"7":0,"8":0,"9":1,"10":0,"11":0,"12":0,"13":0,"14":0},"b":{"0":[0],"1":[0],"2":[0],"3":[0],"4":[0,0],"5":[0]}}
}
