TN:
SF:src/store.ts
FNF:0
FNH:0
DA:1,1
DA:2,1
DA:3,1
DA:11,1
DA:17,1
DA:18,1
DA:20,1
LF:7
LH:7
BRF:0
BRH:0
end_of_record
TN:
SF:src/features/TodoAddTask.tsx
FN:5,(anonymous_0)
FN:8,(anonymous_1)
FN:12,(anonymous_2)
FNF:3
FNH:3
FNDA:4,(anonymous_0)
FNDA:1,(anonymous_1)
FNDA:1,(anonymous_2)
DA:1,1
DA:2,1
DA:3,1
DA:5,1
DA:6,4
DA:7,4
DA:8,4
DA:9,1
DA:10,1
DA:12,4
DA:13,1
DA:16,4
LF:12
LH:12
BRF:0
BRH:0
end_of_record
TN:
SF:src/models/todos.ts
FN:24,(anonymous_0)
FN:34,(anonymous_1)
FN:52,(anonymous_2)
FN:70,(anonymous_3)
FN:84,(anonymous_4)
FN:86,(anonymous_5)
FN:89,(anonymous_6)
FN:91,(anonymous_7)
FN:97,(anonymous_8)
FN:101,(anonymous_9)
FN:104,(anonymous_10)
FN:112,(anonymous_11)
FN:113,(anonymous_12)
FN:118,(anonymous_13)
FN:119,(anonymous_14)
FNF:15
FNH:3
FNDA:0,(anonymous_0)
FNDA:1,(anonymous_1)
FNDA:0,(anonymous_2)
FNDA:0,(anonymous_3)
FNDA:1,(anonymous_4)
FNDA:0,(anonymous_5)
FNDA:0,(anonymous_6)
FNDA:0,(anonymous_7)
FNDA:0,(anonymous_8)
FNDA:1,(anonymous_9)
FNDA:0,(anonymous_10)
FNDA:0,(anonymous_11)
FNDA:0,(anonymous_12)
FNDA:0,(anonymous_13)
FNDA:0,(anonymous_14)
DA:1,1
DA:18,1
DA:24,1
DA:25,0
DA:26,0
DA:27,0
DA:29,0
DA:30,0
DA:31,0
DA:34,1
DA:35,1
DA:45,1
DA:46,0
DA:48,0
DA:49,0
DA:52,1
DA:53,0
DA:63,0
DA:64,0
DA:66,0
DA:67,0
DA:70,1
DA:71,0
DA:74,0
DA:75,0
DA:77,0
DA:80,1
DA:85,1
DA:87,0
DA:90,0
DA:91,0
DA:98,0
DA:99,0
DA:102,1
DA:105,0
DA:106,0
DA:113,0
DA:114,0
DA:115,0
DA:119,0
DA:124,1
LF:41
LH:12
BRDA:26,0,0,0
BRDA:45,1,0,0
BRDA:63,2,0,0
BRDA:74,3,0,0
BRDA:99,4,0,0
BRDA:99,4,1,0
BRDA:114,5,0,0
BRF:7
BRH:0
end_of_record
